<?xml version="1.0" encoding="UTF-8"?>
<testng-results skipped="0" failed="1" total="1" passed="0">
  <reporter-output>
  </reporter-output>
  <suite name="Default suite" duration-ms="17398" started-at="2017-04-17T18:36:20Z" finished-at="2017-04-17T18:36:37Z">
    <groups>
    </groups>
    <test name="Default test" duration-ms="17398" started-at="2017-04-17T18:36:20Z" finished-at="2017-04-17T18:36:37Z">
      <class name="com.core.ddf.testcases.DummyTestB">
        <test-method status="FAIL" signature="testB()[pri:0, instance:com.core.ddf.testcases.DummyTestB@5442a311]" name="testB" duration-ms="17365" started-at="2017-04-18T00:06:20Z" finished-at="2017-04-18T00:06:37Z">
          <exception class="org.openqa.selenium.WebDriverException">
            <message>
              <![CDATA[unknown error: cannot get automation extension
from unknown error: Runtime.executionContextCreated has invalid 'context': {"auxData":{"frameId":"5232.1","isDefault":true},"id":1,"name":"","origin":"chrome-extension://aapnijgdinlhnhlmodcfapnahmbfebeb"}
  (Session info: chrome=57.0.2987.133)
  (Driver info: chromedriver=2.9.248315,platform=Windows NT 6.3 x86_64) (WARNING: The server did not provide any stacktrace information)
Command duration or timeout: 1.60 seconds
Build info: version: '2.45.0', revision: '5017cb8e7ca8e37638dc3091b2440b90a1d8686f', time: '2015-02-27 09:10:26'
System info: host: 'WINCTRL-CCCCHA3', ip: '192.168.1.8', os.name: 'Windows 8.1', os.arch: 'amd64', os.version: '6.3', java.version: '1.8.0_121'
Driver info: org.openqa.selenium.chrome.ChromeDriver
Capabilities [{applicationCacheEnabled=false, rotatable=false, chrome={userDataDir=C:\Users\hp\AppData\Local\Temp\scoped_dir2984_14482}, takesHeapSnapshot=true, databaseEnabled=false, handlesAlerts=true, version=57.0.2987.133, platform=WIN8_1, browserConnectionEnabled=false, nativeEvents=true, acceptSslCerts=true, locationContextEnabled=true, webStorageEnabled=true, browserName=chrome, takesScreenshot=true, javascriptEnabled=true, cssSelectorsEnabled=true}]
Session ID: 1bc615286b06d6b14c6f3f4e243d9714]]>
            </message>
            <full-stacktrace>
              <![CDATA[org.openqa.selenium.WebDriverException: unknown error: cannot get automation extension
from unknown error: Runtime.executionContextCreated has invalid 'context': {"auxData":{"frameId":"5232.1","isDefault":true},"id":1,"name":"","origin":"chrome-extension://aapnijgdinlhnhlmodcfapnahmbfebeb"}
  (Session info: chrome=57.0.2987.133)
  (Driver info: chromedriver=2.9.248315,platform=Windows NT 6.3 x86_64) (WARNING: The server did not provide any stacktrace information)
Command duration or timeout: 1.60 seconds
Build info: version: '2.45.0', revision: '5017cb8e7ca8e37638dc3091b2440b90a1d8686f', time: '2015-02-27 09:10:26'
System info: host: 'WINCTRL-CCCCHA3', ip: '192.168.1.8', os.name: 'Windows 8.1', os.arch: 'amd64', os.version: '6.3', java.version: '1.8.0_121'
Driver info: org.openqa.selenium.chrome.ChromeDriver
Capabilities [{applicationCacheEnabled=false, rotatable=false, chrome={userDataDir=C:\Users\hp\AppData\Local\Temp\scoped_dir2984_14482}, takesHeapSnapshot=true, databaseEnabled=false, handlesAlerts=true, version=57.0.2987.133, platform=WIN8_1, browserConnectionEnabled=false, nativeEvents=true, acceptSslCerts=true, locationContextEnabled=true, webStorageEnabled=true, browserName=chrome, takesScreenshot=true, javascriptEnabled=true, cssSelectorsEnabled=true}]
Session ID: 1bc615286b06d6b14c6f3f4e243d9714
	at sun.reflect.NativeConstructorAccessorImpl.newInstance0(Native Method)
	at sun.reflect.NativeConstructorAccessorImpl.newInstance(Unknown Source)
	at sun.reflect.DelegatingConstructorAccessorImpl.newInstance(Unknown Source)
	at java.lang.reflect.Constructor.newInstance(Unknown Source)
	at org.openqa.selenium.remote.ErrorHandler.createThrowable(ErrorHandler.java:204)
	at org.openqa.selenium.remote.ErrorHandler.throwIfResponseFailed(ErrorHandler.java:156)
	at org.openqa.selenium.remote.RemoteWebDriver.execute(RemoteWebDriver.java:599)
	at org.openqa.selenium.remote.RemoteWebDriver$RemoteWebDriverOptions$RemoteWindow.maximize(RemoteWebDriver.java:837)
	at com.core.ddf.base.BaseTest.openBrowser(BaseTest.java:27)
	at com.core.ddf.testcases.DummyTestB.testB(DummyTestB.java:10)
	at sun.reflect.NativeMethodAccessorImpl.invoke0(Native Method)
	at sun.reflect.NativeMethodAccessorImpl.invoke(Unknown Source)
	at sun.reflect.DelegatingMethodAccessorImpl.invoke(Unknown Source)
	at java.lang.reflect.Method.invoke(Unknown Source)
	at org.testng.internal.MethodInvocationHelper.invokeMethod(MethodInvocationHelper.java:85)
	at org.testng.internal.Invoker.invokeMethod(Invoker.java:639)
	at org.testng.internal.Invoker.invokeTestMethod(Invoker.java:816)
	at org.testng.internal.Invoker.invokeTestMethods(Invoker.java:1124)
	at org.testng.internal.TestMethodWorker.invokeTestMethods(TestMethodWorker.java:125)
	at org.testng.internal.TestMethodWorker.run(TestMethodWorker.java:108)
	at org.testng.TestRunner.privateRun(TestRunner.java:774)
	at org.testng.TestRunner.run(TestRunner.java:624)
	at org.testng.SuiteRunner.runTest(SuiteRunner.java:359)
	at org.testng.SuiteRunner.runSequentially(SuiteRunner.java:354)
	at org.testng.SuiteRunner.privateRun(SuiteRunner.java:312)
	at org.testng.SuiteRunner.run(SuiteRunner.java:261)
	at org.testng.SuiteRunnerWorker.runSuite(SuiteRunnerWorker.java:52)
	at org.testng.SuiteRunnerWorker.run(SuiteRunnerWorker.java:86)
	at org.testng.TestNG.runSuitesSequentially(TestNG.java:1215)
	at org.testng.TestNG.runSuitesLocally(TestNG.java:1140)
	at org.testng.TestNG.run(TestNG.java:1048)
	at org.testng.remote.AbstractRemoteTestNG.run(AbstractRemoteTestNG.java:126)
	at org.testng.remote.RemoteTestNG.initAndRun(RemoteTestNG.java:152)
	at org.testng.remote.RemoteTestNG.main(RemoteTestNG.java:57)
]]>
            </full-stacktrace>
          </exception> <!-- org.openqa.selenium.WebDriverException -->
          <reporter-output>
          </reporter-output>
        </test-method> <!-- testB -->
      </class> <!-- com.core.ddf.testcases.DummyTestB -->
    </test> <!-- Default test -->
  </suite> <!-- Default suite -->
</testng-results>
